2025-06-12 13:19:24 [restartedMain] INFO  com.example.crud.CrudApplication - Starting CrudApplication using Java 17.0.12 on DanielG with PID 996 (C:\Proyectos\MISO\2025 13 Modernizacion\sample-sprint-boot\target\classes started by dagam in C:\Proyectos\MISO\2025 13 Modernizacion\sample-sprint-boot)
2025-06-12 13:19:24 [restartedMain] DEBUG com.example.crud.CrudApplication - Running with Spring Boot v2.7.0, Spring v5.3.20
2025-06-12 13:19:24 [restartedMain] INFO  com.example.crud.CrudApplication - No active profile set, falling back to 1 default profile: "default"
2025-06-12 13:19:24 [restartedMain] INFO  o.s.b.d.e.DevToolsPropertyDefaultsPostProcessor - Devtools property defaults active! Set 'spring.devtools.add-properties' to 'false' to disable
2025-06-12 13:19:24 [restartedMain] INFO  o.s.b.d.e.DevToolsPropertyDefaultsPostProcessor - For additional web related logging consider setting the 'logging.level.web' property to 'DEBUG'
2025-06-12 13:19:24 [restartedMain] INFO  o.s.d.r.c.RepositoryConfigurationDelegate - Bootstrapping Spring Data JPA repositories in DEFAULT mode.
2025-06-12 13:19:25 [restartedMain] INFO  o.s.d.r.c.RepositoryConfigurationDelegate - Finished Spring Data repository scanning in 50 ms. Found 1 JPA repository interfaces.
2025-06-12 13:19:25 [restartedMain] INFO  o.s.b.w.e.tomcat.TomcatWebServer - Tomcat initialized with port(s): 8080 (http)
2025-06-12 13:19:25 [restartedMain] INFO  o.a.coyote.http11.Http11NioProtocol - Initializing ProtocolHandler ["http-nio-8080"]
2025-06-12 13:19:25 [restartedMain] INFO  o.a.catalina.core.StandardService - Starting service [Tomcat]
2025-06-12 13:19:25 [restartedMain] INFO  o.a.catalina.core.StandardEngine - Starting Servlet engine: [Apache Tomcat/9.0.63]
2025-06-12 13:19:25 [restartedMain] INFO  o.a.c.c.C.[Tomcat].[localhost].[/] - Initializing Spring embedded WebApplicationContext
2025-06-12 13:19:25 [restartedMain] INFO  o.s.b.w.s.c.ServletWebServerApplicationContext - Root WebApplicationContext: initialization completed in 1217 ms
2025-06-12 13:19:25 [restartedMain] INFO  com.zaxxer.hikari.HikariDataSource - HikariPool-1 - Starting...
2025-06-12 13:19:26 [restartedMain] INFO  com.zaxxer.hikari.HikariDataSource - HikariPool-1 - Start completed.
2025-06-12 13:19:26 [restartedMain] INFO  o.s.o.j.LocalContainerEntityManagerFactoryBean - Initialized JPA EntityManagerFactory for persistence unit 'default'
2025-06-12 13:19:26 [restartedMain] INFO  o.s.s.web.DefaultSecurityFilterChain - Will secure any request with [org.springframework.security.web.session.DisableEncodeUrlFilter@d1e98ed, org.springframework.security.web.context.request.async.WebAsyncManagerIntegrationFilter@55edbe98, org.springframework.security.web.context.SecurityContextPersistenceFilter@2649244, org.springframework.security.web.header.HeaderWriterFilter@7e371571, org.springframework.security.web.authentication.logout.LogoutFilter@375a7a84, org.springframework.security.web.authentication.UsernamePasswordAuthenticationFilter@7f3dfd97, org.springframework.security.web.authentication.www.BasicAuthenticationFilter@502189a6, org.springframework.security.web.savedrequest.RequestCacheAwareFilter@32f9a2f7, org.springframework.security.web.servletapi.SecurityContextHolderAwareRequestFilter@54dada13, org.springframework.security.web.authentication.AnonymousAuthenticationFilter@9dd713a, org.springframework.security.web.session.SessionManagementFilter@5dc3a674, org.springframework.security.web.access.ExceptionTranslationFilter@5c92ad68, org.springframework.security.web.access.intercept.FilterSecurityInterceptor@149dbdfa]
2025-06-12 13:19:26 [restartedMain] WARN  o.s.b.a.o.j.JpaBaseConfiguration$JpaWebConfiguration - spring.jpa.open-in-view is enabled by default. Therefore, database queries may be performed during view rendering. Explicitly configure spring.jpa.open-in-view to disable this warning
2025-06-12 13:19:27 [restartedMain] INFO  o.s.b.d.a.OptionalLiveReloadServer - LiveReload server is running on port 35729
2025-06-12 13:19:27 [restartedMain] INFO  o.a.coyote.http11.Http11NioProtocol - Starting ProtocolHandler ["http-nio-8080"]
2025-06-12 13:19:27 [restartedMain] INFO  o.s.b.w.e.tomcat.TomcatWebServer - Tomcat started on port(s): 8080 (http) with context path ''
2025-06-12 13:19:27 [restartedMain] INFO  com.example.crud.CrudApplication - Started CrudApplication in 3.208 seconds (JVM running for 3.617)
2025-06-12 13:19:27 [restartedMain] INFO  c.e.crud.config.DataInitializer - Data initialization started...
2025-06-12 13:19:27 [restartedMain] INFO  c.e.crud.config.DataInitializer - Populating database with sample products
2025-06-12 13:19:27 [restartedMain] INFO  c.e.crud.config.DataInitializer - Database initialized with 10 products
2025-06-12 13:19:27 [restartedMain] INFO  c.e.crud.config.DataInitializer - Data initialization completed
2025-06-12 13:20:00 [http-nio-8080-exec-2] INFO  o.a.c.c.C.[Tomcat].[localhost].[/] - Initializing Spring DispatcherServlet 'dispatcherServlet'
2025-06-12 13:20:00 [http-nio-8080-exec-2] INFO  o.s.web.servlet.DispatcherServlet - Initializing Servlet 'dispatcherServlet'
2025-06-12 13:20:00 [http-nio-8080-exec-2] INFO  o.s.web.servlet.DispatcherServlet - Completed initialization in 0 ms
2025-06-12 13:25:06 [SpringApplicationShutdownHook] INFO  o.s.o.j.LocalContainerEntityManagerFactoryBean - Closing JPA EntityManagerFactory for persistence unit 'default'
2025-06-12 13:25:06 [SpringApplicationShutdownHook] INFO  com.zaxxer.hikari.HikariDataSource - HikariPool-1 - Shutdown initiated...
2025-06-12 13:25:06 [SpringApplicationShutdownHook] INFO  com.zaxxer.hikari.HikariDataSource - HikariPool-1 - Shutdown completed.
2025-06-12 13:25:34 [restartedMain] INFO  com.example.crud.CrudApplication - Starting CrudApplication using Java 17.0.12 on DanielG with PID 21212 (C:\Proyectos\MISO\2025 13 Modernizacion\sample-sprint-boot\target\classes started by dagam in C:\Proyectos\MISO\2025 13 Modernizacion\sample-sprint-boot)
2025-06-12 13:25:34 [restartedMain] DEBUG com.example.crud.CrudApplication - Running with Spring Boot v2.7.0, Spring v5.3.20
2025-06-12 13:25:34 [restartedMain] INFO  com.example.crud.CrudApplication - No active profile set, falling back to 1 default profile: "default"
2025-06-12 13:25:34 [restartedMain] INFO  o.s.b.d.e.DevToolsPropertyDefaultsPostProcessor - Devtools property defaults active! Set 'spring.devtools.add-properties' to 'false' to disable
2025-06-12 13:25:34 [restartedMain] INFO  o.s.b.d.e.DevToolsPropertyDefaultsPostProcessor - For additional web related logging consider setting the 'logging.level.web' property to 'DEBUG'
2025-06-12 13:25:35 [restartedMain] INFO  o.s.d.r.c.RepositoryConfigurationDelegate - Bootstrapping Spring Data JPA repositories in DEFAULT mode.
2025-06-12 13:25:35 [restartedMain] INFO  o.s.d.r.c.RepositoryConfigurationDelegate - Finished Spring Data repository scanning in 30 ms. Found 1 JPA repository interfaces.
2025-06-12 13:25:35 [restartedMain] INFO  o.s.b.w.e.tomcat.TomcatWebServer - Tomcat initialized with port(s): 8080 (http)
2025-06-12 13:25:35 [restartedMain] INFO  o.a.coyote.http11.Http11NioProtocol - Initializing ProtocolHandler ["http-nio-8080"]
2025-06-12 13:25:35 [restartedMain] INFO  o.a.catalina.core.StandardService - Starting service [Tomcat]
2025-06-12 13:25:35 [restartedMain] INFO  o.a.catalina.core.StandardEngine - Starting Servlet engine: [Apache Tomcat/9.0.63]
2025-06-12 13:25:35 [restartedMain] INFO  o.a.c.c.C.[Tomcat].[localhost].[/] - Initializing Spring embedded WebApplicationContext
2025-06-12 13:25:35 [restartedMain] INFO  o.s.b.w.s.c.ServletWebServerApplicationContext - Root WebApplicationContext: initialization completed in 1050 ms
2025-06-12 13:25:35 [restartedMain] INFO  com.zaxxer.hikari.HikariDataSource - HikariPool-1 - Starting...
2025-06-12 13:25:36 [restartedMain] INFO  com.zaxxer.hikari.HikariDataSource - HikariPool-1 - Start completed.
2025-06-12 13:25:36 [restartedMain] INFO  o.s.o.j.LocalContainerEntityManagerFactoryBean - Initialized JPA EntityManagerFactory for persistence unit 'default'
2025-06-12 13:25:36 [restartedMain] INFO  o.s.s.web.DefaultSecurityFilterChain - Will secure any request with [org.springframework.security.web.session.DisableEncodeUrlFilter@40e3b963, org.springframework.security.web.context.request.async.WebAsyncManagerIntegrationFilter@164cdeb2, org.springframework.security.web.context.SecurityContextPersistenceFilter@1df7a68a, org.springframework.security.web.header.HeaderWriterFilter@3dfa790c, org.springframework.security.web.authentication.logout.LogoutFilter@9e5947c, org.springframework.security.web.authentication.UsernamePasswordAuthenticationFilter@40834dc7, org.springframework.security.web.authentication.www.BasicAuthenticationFilter@b5a0644, org.springframework.security.web.savedrequest.RequestCacheAwareFilter@46321dfd, org.springframework.security.web.servletapi.SecurityContextHolderAwareRequestFilter@3a61380a, org.springframework.security.web.authentication.AnonymousAuthenticationFilter@4dff9219, org.springframework.security.web.session.SessionManagementFilter@7e3addaa, org.springframework.security.web.access.ExceptionTranslationFilter@78d64a55, org.springframework.security.web.access.intercept.FilterSecurityInterceptor@670dc832]
2025-06-12 13:25:36 [restartedMain] WARN  o.s.b.a.o.j.JpaBaseConfiguration$JpaWebConfiguration - spring.jpa.open-in-view is enabled by default. Therefore, database queries may be performed during view rendering. Explicitly configure spring.jpa.open-in-view to disable this warning
2025-06-12 13:25:37 [restartedMain] INFO  o.s.b.d.a.OptionalLiveReloadServer - LiveReload server is running on port 35729
2025-06-12 13:25:37 [restartedMain] INFO  o.a.coyote.http11.Http11NioProtocol - Starting ProtocolHandler ["http-nio-8080"]
2025-06-12 13:25:37 [restartedMain] INFO  o.s.b.w.e.tomcat.TomcatWebServer - Tomcat started on port(s): 8080 (http) with context path ''
2025-06-12 13:25:37 [restartedMain] INFO  com.example.crud.CrudApplication - Started CrudApplication in 2.939 seconds (JVM running for 3.552)
2025-06-12 13:25:37 [restartedMain] INFO  c.e.crud.config.DataInitializer - Data initialization started...
2025-06-12 13:25:37 [restartedMain] INFO  c.e.crud.config.DataInitializer - Database already contains 11 products, skipping initialization
2025-06-12 13:25:37 [restartedMain] INFO  c.e.crud.config.DataInitializer - Data initialization completed
2025-06-12 13:25:48 [http-nio-8080-exec-1] INFO  o.a.c.c.C.[Tomcat].[localhost].[/] - Initializing Spring DispatcherServlet 'dispatcherServlet'
2025-06-12 13:25:48 [http-nio-8080-exec-1] INFO  o.s.web.servlet.DispatcherServlet - Initializing Servlet 'dispatcherServlet'
2025-06-12 13:25:48 [http-nio-8080-exec-1] INFO  o.s.web.servlet.DispatcherServlet - Completed initialization in 0 ms
2025-06-12 13:30:22 [RMI TCP Connection(8)-127.0.0.1] INFO  o.s.b.a.SpringApplicationAdminMXBeanRegistrar$SpringApplicationAdmin - Application shutdown requested.
2025-06-12 13:30:22 [RMI TCP Connection(8)-127.0.0.1] INFO  o.s.o.j.LocalContainerEntityManagerFactoryBean - Closing JPA EntityManagerFactory for persistence unit 'default'
2025-06-12 13:30:22 [RMI TCP Connection(8)-127.0.0.1] INFO  com.zaxxer.hikari.HikariDataSource - HikariPool-1 - Shutdown initiated...
2025-06-12 13:30:22 [RMI TCP Connection(8)-127.0.0.1] INFO  com.zaxxer.hikari.HikariDataSource - HikariPool-1 - Shutdown completed.
2025-06-12 13:40:50 [restartedMain] INFO  com.example.crud.CrudApplication - Starting CrudApplication using Java 17.0.12 on DanielG with PID 17500 (C:\Proyectos\MISO\2025 13 Modernizacion\sample-sprint-boot\target\classes started by dagam in C:\Proyectos\MISO\2025 13 Modernizacion\sample-sprint-boot)
2025-06-12 13:40:50 [restartedMain] DEBUG com.example.crud.CrudApplication - Running with Spring Boot v2.7.0, Spring v5.3.20
2025-06-12 13:40:50 [restartedMain] INFO  com.example.crud.CrudApplication - No active profile set, falling back to 1 default profile: "default"
2025-06-12 13:40:50 [restartedMain] INFO  o.s.b.d.e.DevToolsPropertyDefaultsPostProcessor - Devtools property defaults active! Set 'spring.devtools.add-properties' to 'false' to disable
2025-06-12 13:40:50 [restartedMain] INFO  o.s.b.d.e.DevToolsPropertyDefaultsPostProcessor - For additional web related logging consider setting the 'logging.level.web' property to 'DEBUG'
2025-06-12 13:40:50 [restartedMain] INFO  o.s.d.r.c.RepositoryConfigurationDelegate - Bootstrapping Spring Data JPA repositories in DEFAULT mode.
2025-06-12 13:40:50 [restartedMain] INFO  o.s.d.r.c.RepositoryConfigurationDelegate - Finished Spring Data repository scanning in 47 ms. Found 2 JPA repository interfaces.
2025-06-12 13:40:51 [restartedMain] INFO  o.s.b.w.e.tomcat.TomcatWebServer - Tomcat initialized with port(s): 8080 (http)
2025-06-12 13:40:51 [restartedMain] INFO  o.a.coyote.http11.Http11NioProtocol - Initializing ProtocolHandler ["http-nio-8080"]
2025-06-12 13:40:51 [restartedMain] INFO  o.a.catalina.core.StandardService - Starting service [Tomcat]
2025-06-12 13:40:51 [restartedMain] INFO  o.a.catalina.core.StandardEngine - Starting Servlet engine: [Apache Tomcat/9.0.63]
2025-06-12 13:40:51 [restartedMain] INFO  o.a.c.c.C.[Tomcat].[localhost].[/] - Initializing Spring embedded WebApplicationContext
2025-06-12 13:40:51 [restartedMain] INFO  o.s.b.w.s.c.ServletWebServerApplicationContext - Root WebApplicationContext: initialization completed in 1226 ms
2025-06-12 13:40:51 [restartedMain] INFO  com.zaxxer.hikari.HikariDataSource - HikariPool-1 - Starting...
2025-06-12 13:40:51 [restartedMain] INFO  com.zaxxer.hikari.HikariDataSource - HikariPool-1 - Start completed.
2025-06-12 13:40:52 [restartedMain] INFO  o.s.o.j.LocalContainerEntityManagerFactoryBean - Initialized JPA EntityManagerFactory for persistence unit 'default'
2025-06-12 13:40:52 [restartedMain] INFO  o.s.s.web.DefaultSecurityFilterChain - Will secure any request with [org.springframework.security.web.session.DisableEncodeUrlFilter@83b7f29, org.springframework.security.web.context.request.async.WebAsyncManagerIntegrationFilter@c87b888, org.springframework.security.web.context.SecurityContextPersistenceFilter@3c1bea67, org.springframework.security.web.header.HeaderWriterFilter@518448fd, org.springframework.security.web.authentication.logout.LogoutFilter@273fd960, org.springframework.security.web.authentication.UsernamePasswordAuthenticationFilter@700c9ff7, org.springframework.security.web.authentication.www.BasicAuthenticationFilter@20af0f45, org.springframework.security.web.savedrequest.RequestCacheAwareFilter@688511f2, org.springframework.security.web.servletapi.SecurityContextHolderAwareRequestFilter@34535940, org.springframework.security.web.authentication.AnonymousAuthenticationFilter@540a4b7a, org.springframework.security.web.session.SessionManagementFilter@29fa32d9, org.springframework.security.web.access.ExceptionTranslationFilter@6fd20283, org.springframework.security.web.access.intercept.FilterSecurityInterceptor@4d96323c]
2025-06-12 13:40:52 [restartedMain] WARN  o.s.b.a.o.j.JpaBaseConfiguration$JpaWebConfiguration - spring.jpa.open-in-view is enabled by default. Therefore, database queries may be performed during view rendering. Explicitly configure spring.jpa.open-in-view to disable this warning
2025-06-12 13:40:53 [restartedMain] INFO  o.s.b.d.a.OptionalLiveReloadServer - LiveReload server is running on port 35729
2025-06-12 13:40:53 [restartedMain] INFO  o.a.coyote.http11.Http11NioProtocol - Starting ProtocolHandler ["http-nio-8080"]
2025-06-12 13:40:53 [restartedMain] INFO  o.s.b.w.e.tomcat.TomcatWebServer - Tomcat started on port(s): 8080 (http) with context path ''
2025-06-12 13:40:53 [restartedMain] INFO  com.example.crud.CrudApplication - Started CrudApplication in 3.428 seconds (JVM running for 3.871)
2025-06-12 13:40:53 [restartedMain] INFO  c.e.crud.config.DataInitializer - Data initialization started...
2025-06-12 13:40:53 [restartedMain] INFO  c.e.crud.config.DataInitializer - Database already contains 11 products, skipping initialization
2025-06-12 13:40:53 [restartedMain] INFO  c.e.crud.config.DataInitializer - Creating default users
2025-06-12 13:40:53 [restartedMain] INFO  c.e.crud.config.DataInitializer - Default users created: 3
2025-06-12 13:40:53 [restartedMain] INFO  c.e.crud.config.DataInitializer - Data initialization completed
2025-06-12 13:41:01 [http-nio-8080-exec-1] INFO  o.a.c.c.C.[Tomcat].[localhost].[/] - Initializing Spring DispatcherServlet 'dispatcherServlet'
2025-06-12 13:41:01 [http-nio-8080-exec-1] INFO  o.s.web.servlet.DispatcherServlet - Initializing Servlet 'dispatcherServlet'
2025-06-12 13:41:01 [http-nio-8080-exec-1] INFO  o.s.web.servlet.DispatcherServlet - Completed initialization in 0 ms
